::1 - - [12/Oct/2023:14:09:49 +0000] "POST /v1/auth/register HTTP/1.1" 500 1398 "-" "PostmanRuntime/7.33.0"
::1 - - [12/Oct/2023:14:10:51 +0000] "POST /v1/auth/register HTTP/1.1" 500 1398 "-" "PostmanRuntime/7.33.0"
::1 - - [12/Oct/2023:14:13:51 +0000] "POST /v1/auth/register HTTP/1.1" 500 541 "-" "PostmanRuntime/7.33.0"
::1 - - [12/Oct/2023:14:14:41 +0000] "POST /v1/auth/register HTTP/1.1" 201 225 "-" "PostmanRuntime/7.33.0"
::1 - - [12/Oct/2023:14:14:59 +0000] "POST /v1/auth/login HTTP/1.1" 200 553 "-" "PostmanRuntime/7.33.0"
::1 - - [12/Oct/2023:14:15:29 +0000] "GET /v1/users HTTP/1.1" 200 227 "-" "PostmanRuntime/7.33.0"
::1 - - [12/Oct/2023:14:15:54 +0000] "PATCH /v1/users/ HTTP/1.1" 500 17 "-" "PostmanRuntime/7.33.0"
::1 - - [12/Oct/2023:14:18:10 +0000] "PUT /v1/users/ HTTP/1.1" 500 17 "-" "PostmanRuntime/7.33.0"
::1 - - [12/Oct/2023:14:18:31 +0000] "PUT /v1/users HTTP/1.1" 500 592 "-" "PostmanRuntime/7.33.0"
::1 - - [12/Oct/2023:14:20:51 +0000] "PUT /v1/users/6527ff51775a4a2868334b50 HTTP/1.1" 500 592 "-" "PostmanRuntime/7.33.0"
::1 - - [12/Oct/2023:14:33:32 +0000] "POST /v1/auth/login HTTP/1.1" 401 392 "-" "PostmanRuntime/7.33.0"
::1 - - [12/Oct/2023:14:38:44 +0000] "POST /v1/auth/login HTTP/1.1" 401 392 "-" "PostmanRuntime/7.33.0"
::1 - - [12/Oct/2023:14:40:55 +0000] "POST /v1/auth/login HTTP/1.1" 401 392 "-" "PostmanRuntime/7.33.0"
::1 - - [12/Oct/2023:14:46:17 +0000] "POST /v1/auth/login HTTP/1.1" 401 58 "-" "PostmanRuntime/7.33.0"
::1 - - [12/Oct/2023:14:46:19 +0000] "POST /v1/auth/login HTTP/1.1" 401 58 "-" "PostmanRuntime/7.33.0"
::1 - - [12/Oct/2023:14:46:20 +0000] "POST /v1/auth/login HTTP/1.1" 401 58 "-" "PostmanRuntime/7.33.0"
::1 - - [12/Oct/2023:14:46:21 +0000] "POST /v1/auth/login HTTP/1.1" 401 58 "-" "PostmanRuntime/7.33.0"
::1 - - [12/Oct/2023:14:46:22 +0000] "POST /v1/auth/login HTTP/1.1" 429 84 "-" "PostmanRuntime/7.33.0"
::1 - - [12/Oct/2023:14:57:50 +0000] "POST /v1/auth/login HTTP/1.1" 401 392 "-" "PostmanRuntime/7.33.0"
::1 - - [12/Oct/2023:14:58:15 +0000] "POST /v1/auth/login HTTP/1.1" 401 392 "-" "PostmanRuntime/7.33.0"
::1 - - [12/Oct/2023:14:58:42 +0000] "POST /v1/auth/login HTTP/1.1" 401 58 "-" "PostmanRuntime/7.33.0"
::1 - - [12/Oct/2023:14:58:45 +0000] "POST /v1/auth/login HTTP/1.1" 401 58 "-" "PostmanRuntime/7.33.0"
::1 - - [12/Oct/2023:14:58:49 +0000] "POST /v1/auth/login HTTP/1.1" 401 58 "-" "PostmanRuntime/7.33.0"
::1 - - [12/Oct/2023:14:58:53 +0000] "POST /v1/auth/login HTTP/1.1" 401 58 "-" "PostmanRuntime/7.33.0"
::1 - - [12/Oct/2023:14:58:55 +0000] "POST /v1/auth/login HTTP/1.1" 429 84 "-" "PostmanRuntime/7.33.0"
::1 - - [12/Oct/2023:15:02:24 +0000] "PUT /v1/users/6527ff51775a4a2868334b50 HTTP/1.1" 500 44 "-" "PostmanRuntime/7.33.0"
::1 - - [12/Oct/2023:15:03:08 +0000] "PUT /v1/users HTTP/1.1" 500 44 "-" "PostmanRuntime/7.33.0"
::1 - - [12/Oct/2023:16:33:28 +0000] "PUT /v1/users HTTP/1.1" 500 44 "-" "PostmanRuntime/7.33.0"
::1 - - [12/Oct/2023:16:49:42 +0000] "PUT /v1/users HTTP/1.1" 500 50 "-" "PostmanRuntime/7.33.0"
::1 - - [12/Oct/2023:16:50:11 +0000] "PUT /v1/users HTTP/1.1" 500 50 "-" "PostmanRuntime/7.33.0"
::1 - - [12/Oct/2023:16:53:23 +0000] "PUT /v1/users HTTP/1.1" 500 50 "-" "PostmanRuntime/7.33.0"
::1 - - [12/Oct/2023:16:53:54 +0000] "POST /v1/auth/login HTTP/1.1" 401 58 "-" "PostmanRuntime/7.33.0"
::1 - - [12/Oct/2023:16:53:59 +0000] "POST /v1/auth/login HTTP/1.1" 200 553 "-" "PostmanRuntime/7.33.0"
::1 - - [12/Oct/2023:16:54:32 +0000] "PUT /v1/users HTTP/1.1" 500 41 "-" "PostmanRuntime/7.33.0"
::1 - - [12/Oct/2023:16:55:04 +0000] "PUT /v1/users HTTP/1.1" 500 41 "-" "PostmanRuntime/7.33.0"
::1 - - [12/Oct/2023:16:56:20 +0000] "PUT /v1/users HTTP/1.1" 500 41 "-" "PostmanRuntime/7.33.0"
::1 - - [12/Oct/2023:16:59:14 +0000] "POST /v1/auth/login HTTP/1.1" 200 553 "-" "PostmanRuntime/7.33.0"
::1 - - [12/Oct/2023:16:59:34 +0000] "PUT /v1/users HTTP/1.1" 200 72 "-" "PostmanRuntime/7.33.0"
::1 - - [12/Oct/2023:17:02:26 +0000] "PUT /v1/users HTTP/1.1" 500 44 "-" "PostmanRuntime/7.33.0"
::1 - - [12/Oct/2023:17:02:57 +0000] "PUT /v1/users HTTP/1.1" 500 44 "-" "PostmanRuntime/7.33.0"
::1 - - [12/Oct/2023:17:03:05 +0000] "PUT /v1/users HTTP/1.1" 500 44 "-" "PostmanRuntime/7.33.0"
::1 - - [12/Oct/2023:17:04:17 +0000] "PUT /v1/users HTTP/1.1" 200 257 "-" "PostmanRuntime/7.33.0"
::1 - - [12/Oct/2023:17:04:40 +0000] "PUT /v1/users HTTP/1.1" 200 257 "-" "PostmanRuntime/7.33.0"
::1 - - [12/Oct/2023:17:04:45 +0000] "PUT /v1/users HTTP/1.1" 200 258 "-" "PostmanRuntime/7.33.0"
::1 - - [12/Oct/2023:17:05:27 +0000] "GET /v1/users HTTP/1.1" 200 234 "-" "PostmanRuntime/7.33.0"
::1 - - [12/Oct/2023:17:22:44 +0000] "POST /v1/auth/login HTTP/1.1" 401 58 "-" "PostmanRuntime/7.33.0"
::1 - - [12/Oct/2023:17:22:46 +0000] "POST /v1/auth/login HTTP/1.1" 401 58 "-" "PostmanRuntime/7.33.0"
::1 - - [12/Oct/2023:17:22:47 +0000] "POST /v1/auth/login HTTP/1.1" 401 58 "-" "PostmanRuntime/7.33.0"
::1 - - [12/Oct/2023:17:22:49 +0000] "POST /v1/auth/login HTTP/1.1" 401 58 "-" "PostmanRuntime/7.33.0"
::1 - - [12/Oct/2023:17:22:50 +0000] "POST /v1/auth/login HTTP/1.1" 429 84 "-" "PostmanRuntime/7.33.0"
::1 - - [12/Oct/2023:17:37:01 +0000] "POST /v1/auth/login HTTP/1.1" 200 571 "-" "PostmanRuntime/7.33.0"
::1 - - [12/Oct/2023:19:35:38 +0000] "POST /v1/logout HTTP/1.1" 200 59 "-" "PostmanRuntime/7.33.0"
::1 - - [12/Oct/2023:19:38:14 +0000] "POST /v1/logout HTTP/1.1" 200 48 "-" "PostmanRuntime/7.33.0"
::1 - - [12/Oct/2023:19:38:39 +0000] "POST /v1/auth/login HTTP/1.1" 200 571 "-" "PostmanRuntime/7.33.0"
::1 - - [12/Oct/2023:19:38:48 +0000] "POST /v1/auth/login HTTP/1.1" 200 571 "-" "PostmanRuntime/7.33.0"
::1 - - [12/Oct/2023:19:39:03 +0000] "GET /v1/users HTTP/1.1" 401 24 "-" "PostmanRuntime/7.33.0"
::1 - - [12/Oct/2023:19:40:14 +0000] "GET /v1/users HTTP/1.1" 401 24 "-" "PostmanRuntime/7.33.0"
::1 - - [12/Oct/2023:19:45:00 +0000] "GET /v1/users HTTP/1.1" 200 234 "-" "PostmanRuntime/7.33.0"
::1 - - [12/Oct/2023:19:46:25 +0000] "GET /v1/users HTTP/1.1" 200 234 "-" "PostmanRuntime/7.33.0"
::1 - - [12/Oct/2023:19:49:51 +0000] "POST /v1/auth/login HTTP/1.1" 200 571 "-" "PostmanRuntime/7.33.0"
::1 - - [12/Oct/2023:19:49:57 +0000] "POST /v1/auth/login HTTP/1.1" 200 571 "-" "PostmanRuntime/7.33.0"
::1 - - [12/Oct/2023:19:50:30 +0000] "POST /v1/auth/login HTTP/1.1" 200 571 "-" "PostmanRuntime/7.33.0"
::1 - - [12/Oct/2023:20:06:20 +0000] "POST /v1/auth/login HTTP/1.1" 200 571 "-" "PostmanRuntime/7.33.0"
::1 - - [12/Oct/2023:20:07:15 +0000] "POST /v1/auth/login HTTP/1.1" 200 571 "-" "PostmanRuntime/7.33.0"
::1 - - [12/Oct/2023:20:08:39 +0000] "POST /v1/auth/login HTTP/1.1" 200 571 "-" "PostmanRuntime/7.33.0"
::1 - - [12/Oct/2023:20:10:09 +0000] "POST /v1/auth/login HTTP/1.1" 200 571 "-" "PostmanRuntime/7.33.0"
::1 - - [12/Oct/2023:20:10:53 +0000] "POST /v1/auth/login HTTP/1.1" 200 571 "-" "PostmanRuntime/7.33.0"
::1 - - [12/Oct/2023:20:11:35 +0000] "POST /v1/auth/login HTTP/1.1" 200 571 "-" "PostmanRuntime/7.33.0"
::1 - - [12/Oct/2023:20:14:13 +0000] "POST /v1/auth/login HTTP/1.1" 200 571 "-" "PostmanRuntime/7.33.0"
::ffff:127.0.0.1 - - [12/Oct/2023:20:16:20 +0000] "GET /v1/login HTTP/1.1" 404 429 "-" "Thunder Client (https://www.thunderclient.com)"
::ffff:127.0.0.1 - - [12/Oct/2023:20:16:33 +0000] "GET /auth/v1/login HTTP/1.1" 404 524 "-" "Thunder Client (https://www.thunderclient.com)"
::ffff:127.0.0.1 - - [12/Oct/2023:20:16:49 +0000] "GET /v1/auth/login HTTP/1.1" 405 451 "-" "Thunder Client (https://www.thunderclient.com)"
::ffff:127.0.0.1 - - [12/Oct/2023:20:17:17 +0000] "GET /v1/auth/login HTTP/1.1" 405 451 "-" "Thunder Client (https://www.thunderclient.com)"
::1 - - [12/Oct/2023:20:18:27 +0000] "POST /v1/auth/login HTTP/1.1" 200 571 "-" "PostmanRuntime/7.33.0"
::1 - - [12/Oct/2023:20:22:28 +0000] "POST /v1/auth/login HTTP/1.1" 200 571 "-" "PostmanRuntime/7.33.0"
::1 - - [12/Oct/2023:20:23:28 +0000] "POST /v1/auth/login HTTP/1.1" 200 571 "-" "PostmanRuntime/7.33.0"
::1 - - [12/Oct/2023:20:23:58 +0000] "POST /v1/auth/login HTTP/1.1" 200 571 "-" "PostmanRuntime/7.33.0"
::1 - - [12/Oct/2023:20:24:35 +0000] "POST /v1/auth/login HTTP/1.1" 200 571 "-" "PostmanRuntime/7.33.0"
::1 - - [12/Oct/2023:20:26:26 +0000] "POST /v1/auth/login HTTP/1.1" 200 571 "-" "PostmanRuntime/7.33.0"
::1 - - [12/Oct/2023:20:27:23 +0000] "POST /v1/auth/login HTTP/1.1" 200 571 "-" "PostmanRuntime/7.33.0"
::1 - - [12/Oct/2023:20:28:15 +0000] "POST /v1/auth/login HTTP/1.1" 200 571 "-" "PostmanRuntime/7.33.0"
::1 - - [12/Oct/2023:20:29:07 +0000] "POST /v1/auth/login HTTP/1.1" 200 571 "-" "PostmanRuntime/7.33.0"
::1 - - [13/Oct/2023:01:24:12 +0000] "GET / HTTP/1.1" 304 - "-" "Mozilla/5.0 (Windows NT 10.0; Win64; x64) AppleWebKit/537.36 (KHTML, like Gecko) Chrome/117.0.0.0 Safari/537.36"
::1 - - [13/Oct/2023:01:24:12 +0000] "GET /favicon.ico HTTP/1.1" 404 524 "-" "Mozilla/5.0 (Windows NT 10.0; Win64; x64) AppleWebKit/537.36 (KHTML, like Gecko) Chrome/117.0.0.0 Safari/537.36"
::ffff:127.0.0.1 - - [13/Oct/2023:01:24:27 +0000] "GET / HTTP/1.1" 200 52 "-" "Thunder Client (https://www.thunderclient.com)"
::ffff:127.0.0.1 - - [13/Oct/2023:01:24:36 +0000] "GET /v1/auth/login HTTP/1.1" 405 451 "-" "Thunder Client (https://www.thunderclient.com)"
::ffff:127.0.0.1 - - [13/Oct/2023:01:26:02 +0000] "GET /v1/auth/login HTTP/1.1" 405 451 "-" "Thunder Client (https://www.thunderclient.com)"
::ffff:127.0.0.1 - - [13/Oct/2023:01:27:25 +0000] "GET /v1/auth/login HTTP/1.1" 405 451 "-" "Thunder Client (https://www.thunderclient.com)"
::ffff:127.0.0.1 - - [13/Oct/2023:01:27:47 +0000] "GET /v1/auth/login HTTP/1.1" 405 451 "-" "Thunder Client (https://www.thunderclient.com)"
::ffff:127.0.0.1 - - [13/Oct/2023:01:28:16 +0000] "GET /v1/auth/login HTTP/1.1" 405 451 "-" "Thunder Client (https://www.thunderclient.com)"
::ffff:127.0.0.1 - - [13/Oct/2023:01:29:38 +0000] "GET /v1/login HTTP/1.1" 404 147 "-" "Thunder Client (https://www.thunderclient.com)"
::1 - - [13/Oct/2023:01:30:11 +0000] "POST /v1/auth/login HTTP/1.1" 200 571 "-" "PostmanRuntime/7.33.0"
::ffff:127.0.0.1 - - [13/Oct/2023:01:30:53 +0000] "POST /v1/login HTTP/1.1" 404 148 "-" "Thunder Client (https://www.thunderclient.com)"
::ffff:127.0.0.1 - - [13/Oct/2023:01:31:24 +0000] "POST /v1/auth/login HTTP/1.1" 500 105 "-" "Thunder Client (https://www.thunderclient.com)"
::ffff:127.0.0.1 - - [13/Oct/2023:01:32:16 +0000] "POST /v1/auth/login HTTP/1.1" 200 571 "-" "Thunder Client (https://www.thunderclient.com)"
::1 - - [13/Oct/2023:02:22:41 +0000] "POST /v1/auth/login HTTP/1.1" 200 571 "-" "PostmanRuntime/7.33.0"
::1 - - [13/Oct/2023:02:24:30 +0000] "POST /v1/auth/login HTTP/1.1" 200 571 "-" "PostmanRuntime/7.33.0"
